<?xml version="1.0" encoding="UTF-8"?>
<!-- Generated by org.testng.reporters.JUnitReportReporter -->
<testsuite skipped="0" hostname="DESKTOP-UCAVMEQ" name="Constructor.Demo" tests="1" failures="0" timestamp="2022-02-19T22:01:00 IST" time="0.013" errors="0">
  <testcase name="m1" time="0.013" classname="Constructor.Demo"/>
  <system-out/>
</testsuite> <!-- Constructor.Demo -->
