<?xml version="1.0" encoding="UTF-8"?>
<!-- Generated by org.testng.reporters.JUnitReportReporter -->
<testsuite skipped="0" hostname="DESKTOP-UCAVMEQ" name="TestNG.D1" tests="1" failures="0" timestamp="2022-02-21T20:27:16 IST" time="0.037" errors="0">
  <testcase name="m1" time="0.037" classname="TestNG.D1"/>
  <system-out>
    <![CDATA[hello all]]>
  </system-out>
</testsuite> <!-- TestNG.D1 -->
