<?xml version="1.0" encoding="UTF-8"?>
<!-- Generated by org.testng.reporters.JUnitReportReporter -->
<testsuite skipped="0" hostname="DESKTOP-UCAVMEQ" name="TestNG.Invocation" tests="3" failures="0" timestamp="2022-02-25T07:21:11 IST" time="0.016" errors="0">
  <testcase name="m2" time="0.000" classname="TestNG.Invocation"/>
  <system-out>
    <![CDATA[2]]>
  </system-out>
  <testcase name="m1" time="0.016" classname="TestNG.Invocation"/>
  <system-out>
    <![CDATA[1]]>
  </system-out>
  <testcase name="m3" time="0.000" classname="TestNG.Invocation"/>
  <system-out>
    <![CDATA[3]]>
  </system-out>
</testsuite> <!-- TestNG.Invocation -->
