<?xml version="1.0" encoding="UTF-8"?>
<!-- Generated by org.testng.reporters.JUnitReportReporter -->
<testsuite skipped="0" hostname="DESKTOP-UCAVMEQ" name="TestNG.Annotations2" tests="2" failures="0" timestamp="2022-02-21T21:24:43 IST" time="0.015" errors="0">
  <testcase name="m2" time="0.000" classname="TestNG.Annotations2"/>
  <system-out>
    <![CDATA[2]]>
  </system-out>
  <testcase name="m1" time="0.015" classname="TestNG.Annotations2"/>
  <system-out>
    <![CDATA[1]]>
  </system-out>
</testsuite> <!-- TestNG.Annotations2 -->
