<?xml version="1.0" encoding="UTF-8"?>
<!-- Generated by org.testng.reporters.JUnitReportReporter -->
<testsuite skipped="0" hostname="DESKTOP-UCAVMEQ" name="TestNG.Invocation" tests="1" failures="0" timestamp="2022-02-21T21:25:09 IST" time="0.000" errors="0">
  <testcase name="m3" time="0.000" classname="TestNG.Invocation"/>
  <system-out>
    <![CDATA[3]]>
  </system-out>
</testsuite> <!-- TestNG.Invocation -->
