<?xml version="1.0" encoding="UTF-8"?>
<!-- Generated by org.testng.reporters.JUnitReportReporter -->
<testsuite skipped="0" hostname="DESKTOP-UCAVMEQ" name="TestNG.Annotation1" tests="2" failures="0" timestamp="2022-02-21T21:06:19 IST" time="0.016" errors="0">
  <testcase name="EnterPassword" time="0.000" classname="TestNG.Annotation1"/>
  <system-out>
    <![CDATA[Enter password successfull]]>
  </system-out>
  <testcase name="Loginbtn" time="0.016" classname="TestNG.Annotation1"/>
  <system-out>
    <![CDATA[Click on login button successfull]]>
  </system-out>
</testsuite> <!-- TestNG.Annotation1 -->
