<?xml version="1.0" encoding="UTF-8"?>
<!-- Generated by org.testng.reporters.JUnitReportReporter -->
<testsuite skipped="0" hostname="DESKTOP-UCAVMEQ" name="TestNG.Keywords1" tests="7" failures="0" timestamp="2022-02-22T20:33:27 IST" time="0.026" errors="0">
  <testcase name="TC5" time="0.002" classname="TestNG.Keywords1"/>
  <system-out>
    <![CDATA[TC5 pass]]>
  </system-out>
  <testcase name="TC6" time="0.002" classname="TestNG.Keywords1"/>
  <system-out>
    <![CDATA[TC6 pass]]>
  </system-out>
  <testcase name="TC7" time="0.003" classname="TestNG.Keywords1"/>
  <system-out>
    <![CDATA[TC7 pass]]>
  </system-out>
  <testcase name="TC1" time="0.012" classname="TestNG.Keywords1"/>
  <system-out>
    <![CDATA[TC1 pass]]>
  </system-out>
  <testcase name="TC2" time="0.002" classname="TestNG.Keywords1"/>
  <system-out>
    <![CDATA[TC2 pass]]>
  </system-out>
  <testcase name="TC3" time="0.002" classname="TestNG.Keywords1"/>
  <system-out>
    <![CDATA[TC3 pass]]>
  </system-out>
  <testcase name="TC4" time="0.003" classname="TestNG.Keywords1"/>
  <system-out>
    <![CDATA[TC4 pass]]>
  </system-out>
</testsuite> <!-- TestNG.Keywords1 -->
